2025-12-30 15:17:07,501:WARNING:
'cuml' is a soft dependency and not included in the pycaret installation. Please run: `pip install cuml` to install.
2025-12-30 15:17:07,501:WARNING:
'cuml' is a soft dependency and not included in the pycaret installation. Please run: `pip install cuml` to install.
2025-12-30 15:17:07,501:WARNING:
'cuml' is a soft dependency and not included in the pycaret installation. Please run: `pip install cuml` to install.
2025-12-30 15:17:07,501:WARNING:
'cuml' is a soft dependency and not included in the pycaret installation. Please run: `pip install cuml` to install.
2025-12-30 15:17:07,588:INFO:PyCaret RegressionExperiment
2025-12-30 15:17:07,588:INFO:Logging name: reg-default-name
2025-12-30 15:17:07,588:INFO:ML Usecase: MLUsecase.REGRESSION
2025-12-30 15:17:07,588:INFO:version 3.3.2
2025-12-30 15:17:07,588:INFO:Initializing setup()
2025-12-30 15:17:07,588:INFO:self.USI: 4fdd
2025-12-30 15:17:07,588:INFO:self._variable_keys: {'exp_name_log', 'fold_shuffle_param', 'gpu_n_jobs_param', 'y_train', 'seed', 'memory', 'target_param', 'fold_groups_param', 'html_param', 'pipeline', 'data', 'idx', 'USI', 'X', 'gpu_param', 'log_plots_param', 'n_jobs_param', 'X_test', 'X_train', 'y', 'logging_param', 'y_test', 'transform_target_param', '_ml_usecase', '_available_plots', 'fold_generator', 'exp_id'}
2025-12-30 15:17:07,588:INFO:Checking environment
2025-12-30 15:17:07,588:INFO:python_version: 3.11.0
2025-12-30 15:17:07,588:INFO:python_build: ('v3.11.0:deaf509e8f', 'Oct 24 2022 14:43:23')
2025-12-30 15:17:07,588:INFO:machine: arm64
2025-12-30 15:17:07,599:INFO:platform: macOS-15.3-arm64-arm-64bit
2025-12-30 15:17:07,599:INFO:Memory: svmem(total=17179869184, available=5838602240, percent=66.0, used=7764983808, free=65355776, active=5785550848, inactive=5668061184, wired=1979432960)
2025-12-30 15:17:07,599:INFO:Physical Core: 10
2025-12-30 15:17:07,599:INFO:Logical Core: 10
2025-12-30 15:17:07,599:INFO:Checking libraries
2025-12-30 15:17:07,599:INFO:System:
2025-12-30 15:17:07,599:INFO:    python: 3.11.0 (v3.11.0:deaf509e8f, Oct 24 2022, 14:43:23) [Clang 13.0.0 (clang-1300.0.29.30)]
2025-12-30 15:17:07,599:INFO:executable: /Library/Frameworks/Python.framework/Versions/3.11/bin/python3
2025-12-30 15:17:07,599:INFO:   machine: macOS-15.3-arm64-arm-64bit
2025-12-30 15:17:07,599:INFO:PyCaret required dependencies:
2025-12-30 15:17:07,600:WARNING:/Library/Frameworks/Python.framework/Versions/3.11/lib/python3.11/site-packages/_distutils_hack/__init__.py:33: UserWarning: Setuptools is replacing distutils.
  warnings.warn("Setuptools is replacing distutils.")

2025-12-30 15:17:07,616:INFO:                 pip: 25.3
2025-12-30 15:17:07,616:INFO:          setuptools: 65.5.0
2025-12-30 15:17:07,616:INFO:             pycaret: 3.3.2
2025-12-30 15:17:07,616:INFO:             IPython: 9.8.0
2025-12-30 15:17:07,616:INFO:          ipywidgets: 8.1.8
2025-12-30 15:17:07,616:INFO:                tqdm: 4.67.1
2025-12-30 15:17:07,616:INFO:               numpy: 1.26.4
2025-12-30 15:17:07,616:INFO:              pandas: 2.1.4
2025-12-30 15:17:07,616:INFO:              jinja2: 3.1.6
2025-12-30 15:17:07,616:INFO:               scipy: 1.11.4
2025-12-30 15:17:07,616:INFO:              joblib: 1.3.2
2025-12-30 15:17:07,616:INFO:             sklearn: 1.4.2
2025-12-30 15:17:07,616:INFO:                pyod: 2.0.6
2025-12-30 15:17:07,616:INFO:            imblearn: 0.14.1
2025-12-30 15:17:07,616:INFO:   category_encoders: 2.7.0
2025-12-30 15:17:07,616:INFO:            lightgbm: 4.6.0
2025-12-30 15:17:07,616:INFO:               numba: 0.63.1
2025-12-30 15:17:07,616:INFO:            requests: 2.32.5
2025-12-30 15:17:07,616:INFO:          matplotlib: 3.7.5
2025-12-30 15:17:07,616:INFO:          scikitplot: 0.3.7
2025-12-30 15:17:07,616:INFO:         yellowbrick: 1.5
2025-12-30 15:17:07,616:INFO:              plotly: 6.5.0
2025-12-30 15:17:07,616:INFO:    plotly-resampler: Not installed
2025-12-30 15:17:07,616:INFO:             kaleido: 1.2.0
2025-12-30 15:17:07,616:INFO:           schemdraw: 0.15
2025-12-30 15:17:07,616:INFO:         statsmodels: 0.14.6
2025-12-30 15:17:07,616:INFO:              sktime: 0.26.0
2025-12-30 15:17:07,616:INFO:               tbats: 1.1.3
2025-12-30 15:17:07,616:INFO:            pmdarima: 2.0.4
2025-12-30 15:17:07,616:INFO:              psutil: 7.2.1
2025-12-30 15:17:07,616:INFO:          markupsafe: 3.0.3
2025-12-30 15:17:07,616:INFO:             pickle5: Not installed
2025-12-30 15:17:07,616:INFO:         cloudpickle: 3.1.2
2025-12-30 15:17:07,616:INFO:         deprecation: 2.1.0
2025-12-30 15:17:07,616:INFO:              xxhash: 3.6.0
2025-12-30 15:17:07,616:INFO:           wurlitzer: 3.1.1
2025-12-30 15:17:07,616:INFO:PyCaret optional dependencies:
2025-12-30 15:17:07,620:INFO:                shap: 0.49.1
2025-12-30 15:17:07,620:INFO:           interpret: Not installed
2025-12-30 15:17:07,620:INFO:                umap: Not installed
2025-12-30 15:17:07,620:INFO:     ydata_profiling: Not installed
2025-12-30 15:17:07,620:INFO:  explainerdashboard: Not installed
2025-12-30 15:17:07,620:INFO:             autoviz: Not installed
2025-12-30 15:17:07,620:INFO:           fairlearn: Not installed
2025-12-30 15:17:07,620:INFO:          deepchecks: Not installed
2025-12-30 15:17:07,620:INFO:             xgboost: Not installed
2025-12-30 15:17:07,620:INFO:            catboost: Not installed
2025-12-30 15:17:07,620:INFO:              kmodes: Not installed
2025-12-30 15:17:07,620:INFO:             mlxtend: Not installed
2025-12-30 15:17:07,620:INFO:       statsforecast: Not installed
2025-12-30 15:17:07,620:INFO:        tune_sklearn: Not installed
2025-12-30 15:17:07,620:INFO:                 ray: Not installed
2025-12-30 15:17:07,620:INFO:            hyperopt: Not installed
2025-12-30 15:17:07,620:INFO:              optuna: Not installed
2025-12-30 15:17:07,620:INFO:               skopt: Not installed
2025-12-30 15:17:07,620:INFO:              mlflow: Not installed
2025-12-30 15:17:07,620:INFO:              gradio: Not installed
2025-12-30 15:17:07,620:INFO:             fastapi: Not installed
2025-12-30 15:17:07,620:INFO:             uvicorn: Not installed
2025-12-30 15:17:07,620:INFO:              m2cgen: Not installed
2025-12-30 15:17:07,620:INFO:           evidently: Not installed
2025-12-30 15:17:07,620:INFO:               fugue: Not installed
2025-12-30 15:17:07,620:INFO:           streamlit: 1.32.0
2025-12-30 15:17:07,620:INFO:             prophet: Not installed
2025-12-30 15:17:07,620:INFO:None
2025-12-30 15:17:07,620:INFO:Set up data.
2025-12-30 15:17:07,624:INFO:Set up folding strategy.
2025-12-30 15:17:07,624:INFO:Set up train/test split.
2025-12-30 15:17:07,625:INFO:Set up index.
2025-12-30 15:17:07,625:INFO:Assigning column types.
2025-12-30 15:17:07,626:INFO:Engine successfully changes for model 'lr' to 'sklearn'.
2025-12-30 15:17:07,626:INFO:Engine for model 'lasso' has not been set explicitly, hence returning None.
2025-12-30 15:17:07,627:INFO:Engine for model 'ridge' has not been set explicitly, hence returning None.
2025-12-30 15:17:07,629:INFO:Engine for model 'en' has not been set explicitly, hence returning None.
2025-12-30 15:17:07,645:INFO:Engine for model 'svm' has not been set explicitly, hence returning None.
2025-12-30 15:17:07,657:INFO:Engine for model 'knn' has not been set explicitly, hence returning None.
2025-12-30 15:17:07,657:WARNING:
'xgboost' is a soft dependency and not included in the pycaret installation. Please run: `pip install xgboost` to install.
Alternately, you can install this by running `pip install pycaret[models]`
2025-12-30 15:17:07,657:WARNING:
'catboost' is a soft dependency and not included in the pycaret installation. Please run: `pip install catboost` to install.
Alternately, you can install this by running `pip install pycaret[models]`
2025-12-30 15:17:07,657:INFO:Engine for model 'lasso' has not been set explicitly, hence returning None.
2025-12-30 15:17:07,659:INFO:Engine for model 'ridge' has not been set explicitly, hence returning None.
2025-12-30 15:17:07,660:INFO:Engine for model 'en' has not been set explicitly, hence returning None.
2025-12-30 15:17:07,677:INFO:Engine for model 'svm' has not been set explicitly, hence returning None.
2025-12-30 15:17:07,690:INFO:Engine for model 'knn' has not been set explicitly, hence returning None.
2025-12-30 15:17:07,690:WARNING:
'xgboost' is a soft dependency and not included in the pycaret installation. Please run: `pip install xgboost` to install.
Alternately, you can install this by running `pip install pycaret[models]`
2025-12-30 15:17:07,690:WARNING:
'catboost' is a soft dependency and not included in the pycaret installation. Please run: `pip install catboost` to install.
Alternately, you can install this by running `pip install pycaret[models]`
2025-12-30 15:17:07,690:INFO:Engine successfully changes for model 'lasso' to 'sklearn'.
2025-12-30 15:17:07,691:INFO:Engine for model 'ridge' has not been set explicitly, hence returning None.
2025-12-30 15:17:07,692:INFO:Engine for model 'en' has not been set explicitly, hence returning None.
2025-12-30 15:17:07,708:INFO:Engine for model 'svm' has not been set explicitly, hence returning None.
2025-12-30 15:17:07,721:INFO:Engine for model 'knn' has not been set explicitly, hence returning None.
2025-12-30 15:17:07,721:WARNING:
'xgboost' is a soft dependency and not included in the pycaret installation. Please run: `pip install xgboost` to install.
Alternately, you can install this by running `pip install pycaret[models]`
2025-12-30 15:17:07,721:WARNING:
'catboost' is a soft dependency and not included in the pycaret installation. Please run: `pip install catboost` to install.
Alternately, you can install this by running `pip install pycaret[models]`
2025-12-30 15:17:07,723:INFO:Engine for model 'ridge' has not been set explicitly, hence returning None.
2025-12-30 15:17:07,724:INFO:Engine for model 'en' has not been set explicitly, hence returning None.
2025-12-30 15:17:07,740:INFO:Engine for model 'svm' has not been set explicitly, hence returning None.
2025-12-30 15:17:07,753:INFO:Engine for model 'knn' has not been set explicitly, hence returning None.
2025-12-30 15:17:07,753:WARNING:
'xgboost' is a soft dependency and not included in the pycaret installation. Please run: `pip install xgboost` to install.
Alternately, you can install this by running `pip install pycaret[models]`
2025-12-30 15:17:07,753:WARNING:
'catboost' is a soft dependency and not included in the pycaret installation. Please run: `pip install catboost` to install.
Alternately, you can install this by running `pip install pycaret[models]`
2025-12-30 15:17:07,753:INFO:Engine successfully changes for model 'ridge' to 'sklearn'.
2025-12-30 15:17:07,756:INFO:Engine for model 'en' has not been set explicitly, hence returning None.
2025-12-30 15:17:07,772:INFO:Engine for model 'svm' has not been set explicitly, hence returning None.
2025-12-30 15:17:07,784:INFO:Engine for model 'knn' has not been set explicitly, hence returning None.
2025-12-30 15:17:07,784:WARNING:
'xgboost' is a soft dependency and not included in the pycaret installation. Please run: `pip install xgboost` to install.
Alternately, you can install this by running `pip install pycaret[models]`
2025-12-30 15:17:07,784:WARNING:
'catboost' is a soft dependency and not included in the pycaret installation. Please run: `pip install catboost` to install.
Alternately, you can install this by running `pip install pycaret[models]`
2025-12-30 15:17:07,787:INFO:Engine for model 'en' has not been set explicitly, hence returning None.
2025-12-30 15:17:07,803:INFO:Engine for model 'svm' has not been set explicitly, hence returning None.
2025-12-30 15:17:07,816:INFO:Engine for model 'knn' has not been set explicitly, hence returning None.
2025-12-30 15:17:07,816:WARNING:
'xgboost' is a soft dependency and not included in the pycaret installation. Please run: `pip install xgboost` to install.
Alternately, you can install this by running `pip install pycaret[models]`
2025-12-30 15:17:07,816:WARNING:
'catboost' is a soft dependency and not included in the pycaret installation. Please run: `pip install catboost` to install.
Alternately, you can install this by running `pip install pycaret[models]`
2025-12-30 15:17:07,816:INFO:Engine successfully changes for model 'en' to 'sklearn'.
2025-12-30 15:17:07,835:INFO:Engine for model 'svm' has not been set explicitly, hence returning None.
2025-12-30 15:17:07,848:INFO:Engine for model 'knn' has not been set explicitly, hence returning None.
2025-12-30 15:17:07,848:WARNING:
'xgboost' is a soft dependency and not included in the pycaret installation. Please run: `pip install xgboost` to install.
Alternately, you can install this by running `pip install pycaret[models]`
2025-12-30 15:17:07,848:WARNING:
'catboost' is a soft dependency and not included in the pycaret installation. Please run: `pip install catboost` to install.
Alternately, you can install this by running `pip install pycaret[models]`
2025-12-30 15:17:07,867:INFO:Engine for model 'svm' has not been set explicitly, hence returning None.
2025-12-30 15:17:07,880:INFO:Engine for model 'knn' has not been set explicitly, hence returning None.
2025-12-30 15:17:07,880:WARNING:
'xgboost' is a soft dependency and not included in the pycaret installation. Please run: `pip install xgboost` to install.
Alternately, you can install this by running `pip install pycaret[models]`
2025-12-30 15:17:07,880:WARNING:
'catboost' is a soft dependency and not included in the pycaret installation. Please run: `pip install catboost` to install.
Alternately, you can install this by running `pip install pycaret[models]`
2025-12-30 15:17:07,880:INFO:Engine successfully changes for model 'knn' to 'sklearn'.
2025-12-30 15:17:07,899:INFO:Engine for model 'svm' has not been set explicitly, hence returning None.
2025-12-30 15:17:07,912:WARNING:
'xgboost' is a soft dependency and not included in the pycaret installation. Please run: `pip install xgboost` to install.
Alternately, you can install this by running `pip install pycaret[models]`
2025-12-30 15:17:07,912:WARNING:
'catboost' is a soft dependency and not included in the pycaret installation. Please run: `pip install catboost` to install.
Alternately, you can install this by running `pip install pycaret[models]`
2025-12-30 15:17:07,931:INFO:Engine for model 'svm' has not been set explicitly, hence returning None.
2025-12-30 15:17:07,943:WARNING:
'xgboost' is a soft dependency and not included in the pycaret installation. Please run: `pip install xgboost` to install.
Alternately, you can install this by running `pip install pycaret[models]`
2025-12-30 15:17:07,944:WARNING:
'catboost' is a soft dependency and not included in the pycaret installation. Please run: `pip install catboost` to install.
Alternately, you can install this by running `pip install pycaret[models]`
2025-12-30 15:17:07,944:INFO:Engine successfully changes for model 'svm' to 'sklearn'.
2025-12-30 15:17:07,976:WARNING:
'xgboost' is a soft dependency and not included in the pycaret installation. Please run: `pip install xgboost` to install.
Alternately, you can install this by running `pip install pycaret[models]`
2025-12-30 15:17:07,976:WARNING:
'catboost' is a soft dependency and not included in the pycaret installation. Please run: `pip install catboost` to install.
Alternately, you can install this by running `pip install pycaret[models]`
2025-12-30 15:17:08,008:WARNING:
'xgboost' is a soft dependency and not included in the pycaret installation. Please run: `pip install xgboost` to install.
Alternately, you can install this by running `pip install pycaret[models]`
2025-12-30 15:17:08,008:WARNING:
'catboost' is a soft dependency and not included in the pycaret installation. Please run: `pip install catboost` to install.
Alternately, you can install this by running `pip install pycaret[models]`
2025-12-30 15:17:08,010:INFO:Preparing preprocessing pipeline...
2025-12-30 15:17:08,010:INFO:Set up simple imputation.
2025-12-30 15:17:08,015:INFO:Finished creating preprocessing pipeline.
2025-12-30 15:17:08,017:INFO:Pipeline: Pipeline(memory=FastMemory(location=/var/folders/q6/g5t836cs0b90b09g2nqpv4qc0000gn/T/joblib),
         steps=[('numerical_imputer',
                 TransformerWrapper(include=['GENE_0', 'GENE_1', 'GENE_2',
                                             'GENE_3', 'GENE_4', 'GENE_5',
                                             'GENE_6', 'GENE_7', 'GENE_8',
                                             'GENE_9'],
                                    transformer=SimpleImputer())),
                ('categorical_imputer',
                 TransformerWrapper(include=[],
                                    transformer=SimpleImputer(strategy='most_frequent')))])
2025-12-30 15:17:08,017:INFO:Creating final display dataframe.
2025-12-30 15:17:08,031:INFO:Setup _display_container:                     Description             Value
0                    Session id               123
1                        Target              IC50
2                   Target type        Regression
3           Original data shape         (100, 11)
4        Transformed data shape         (100, 11)
5   Transformed train set shape          (70, 11)
6    Transformed test set shape          (30, 11)
7              Numeric features                10
8                    Preprocess              True
9               Imputation type            simple
10           Numeric imputation              mean
11       Categorical imputation              mode
12               Fold Generator             KFold
13                  Fold Number                10
14                     CPU Jobs                -1
15                      Use GPU             False
16               Log Experiment             False
17              Experiment Name  reg-default-name
18                          USI              4fdd
2025-12-30 15:17:08,063:WARNING:
'xgboost' is a soft dependency and not included in the pycaret installation. Please run: `pip install xgboost` to install.
Alternately, you can install this by running `pip install pycaret[models]`
2025-12-30 15:17:08,064:WARNING:
'catboost' is a soft dependency and not included in the pycaret installation. Please run: `pip install catboost` to install.
Alternately, you can install this by running `pip install pycaret[models]`
2025-12-30 15:17:08,096:WARNING:
'xgboost' is a soft dependency and not included in the pycaret installation. Please run: `pip install xgboost` to install.
Alternately, you can install this by running `pip install pycaret[models]`
2025-12-30 15:17:08,096:WARNING:
'catboost' is a soft dependency and not included in the pycaret installation. Please run: `pip install catboost` to install.
Alternately, you can install this by running `pip install pycaret[models]`
2025-12-30 15:17:08,096:INFO:setup() successfully completed in 0.51s...............
2025-12-30 15:17:08,096:INFO:Initializing compare_models()
2025-12-30 15:17:08,096:INFO:compare_models(self=<pycaret.regression.oop.RegressionExperiment object at 0x129d24c10>, include=None, exclude=None, fold=None, round=4, cross_validation=True, sort=R2, n_select=1, budget_time=None, turbo=True, errors=ignore, fit_kwargs=None, groups=None, experiment_custom_tags=None, probability_threshold=None, verbose=True, parallel=None, caller_params={'self': <pycaret.regression.oop.RegressionExperiment object at 0x129d24c10>, 'include': None, 'exclude': None, 'fold': None, 'round': 4, 'cross_validation': True, 'sort': 'R2', 'n_select': 1, 'budget_time': None, 'turbo': True, 'errors': 'ignore', 'fit_kwargs': None, 'groups': None, 'experiment_custom_tags': None, 'engine': None, 'verbose': True, 'parallel': None, '__class__': <class 'pycaret.regression.oop.RegressionExperiment'>})
2025-12-30 15:17:08,096:INFO:Checking exceptions
2025-12-30 15:17:08,096:INFO:Preparing display monitor
2025-12-30 15:17:08,107:INFO:Initializing Linear Regression
2025-12-30 15:17:08,107:INFO:Total runtime is 1.6808509826660156e-06 minutes
2025-12-30 15:17:08,107:INFO:SubProcess create_model() called ==================================
2025-12-30 15:17:08,107:INFO:Initializing create_model()
2025-12-30 15:17:08,107:INFO:create_model(self=<pycaret.regression.oop.RegressionExperiment object at 0x129d24c10>, estimator=lr, fold=KFold(n_splits=10, random_state=None, shuffle=False), round=4, cross_validation=True, predict=True, fit_kwargs={}, groups=None, refit=False, probability_threshold=None, experiment_custom_tags=None, verbose=False, system=False, add_to_model_list=True, metrics=None, display=<pycaret.internal.display.display.CommonDisplay object at 0x1757a8950>, model_only=True, return_train_score=False, error_score=0.0, kwargs={})
2025-12-30 15:17:08,107:INFO:Checking exceptions
2025-12-30 15:17:08,107:INFO:Importing libraries
2025-12-30 15:17:08,107:INFO:Copying training dataset
2025-12-30 15:17:08,108:INFO:Defining folds
2025-12-30 15:17:08,108:INFO:Declaring metric variables
2025-12-30 15:17:08,108:INFO:Importing untrained model
2025-12-30 15:17:08,109:INFO:Linear Regression Imported successfully
2025-12-30 15:17:08,109:INFO:Starting cross validation
2025-12-30 15:17:08,111:INFO:Cross validating with KFold(n_splits=10, random_state=None, shuffle=False), n_jobs=-1
2025-12-30 15:17:10,323:WARNING:/Library/Frameworks/Python.framework/Versions/3.11/lib/python3.11/site-packages/_distutils_hack/__init__.py:33: UserWarning: Setuptools is replacing distutils.
  warnings.warn("Setuptools is replacing distutils.")

2025-12-30 15:17:10,324:WARNING:/Library/Frameworks/Python.framework/Versions/3.11/lib/python3.11/site-packages/_distutils_hack/__init__.py:33: UserWarning: Setuptools is replacing distutils.
  warnings.warn("Setuptools is replacing distutils.")

2025-12-30 15:17:10,425:WARNING:/Library/Frameworks/Python.framework/Versions/3.11/lib/python3.11/site-packages/_distutils_hack/__init__.py:33: UserWarning: Setuptools is replacing distutils.
  warnings.warn("Setuptools is replacing distutils.")

2025-12-30 15:17:10,548:WARNING:/Library/Frameworks/Python.framework/Versions/3.11/lib/python3.11/site-packages/_distutils_hack/__init__.py:33: UserWarning: Setuptools is replacing distutils.
  warnings.warn("Setuptools is replacing distutils.")

2025-12-30 15:17:10,553:WARNING:/Library/Frameworks/Python.framework/Versions/3.11/lib/python3.11/site-packages/_distutils_hack/__init__.py:33: UserWarning: Setuptools is replacing distutils.
  warnings.warn("Setuptools is replacing distutils.")

2025-12-30 15:17:10,572:WARNING:/Library/Frameworks/Python.framework/Versions/3.11/lib/python3.11/site-packages/_distutils_hack/__init__.py:33: UserWarning: Setuptools is replacing distutils.
  warnings.warn("Setuptools is replacing distutils.")

2025-12-30 15:17:10,591:WARNING:/Library/Frameworks/Python.framework/Versions/3.11/lib/python3.11/site-packages/_distutils_hack/__init__.py:33: UserWarning: Setuptools is replacing distutils.
  warnings.warn("Setuptools is replacing distutils.")

2025-12-30 15:17:10,620:WARNING:/Library/Frameworks/Python.framework/Versions/3.11/lib/python3.11/site-packages/_distutils_hack/__init__.py:33: UserWarning: Setuptools is replacing distutils.
  warnings.warn("Setuptools is replacing distutils.")

2025-12-30 15:17:10,635:WARNING:/Library/Frameworks/Python.framework/Versions/3.11/lib/python3.11/site-packages/_distutils_hack/__init__.py:33: UserWarning: Setuptools is replacing distutils.
  warnings.warn("Setuptools is replacing distutils.")

2025-12-30 15:17:10,643:WARNING:/Library/Frameworks/Python.framework/Versions/3.11/lib/python3.11/site-packages/_distutils_hack/__init__.py:33: UserWarning: Setuptools is replacing distutils.
  warnings.warn("Setuptools is replacing distutils.")

2025-12-30 15:17:10,757:INFO:Calculating mean and std
2025-12-30 15:17:10,758:INFO:Creating metrics dataframe
2025-12-30 15:17:10,760:INFO:Uploading results into container
2025-12-30 15:17:10,761:INFO:Uploading model into container now
2025-12-30 15:17:10,761:INFO:_master_model_container: 1
2025-12-30 15:17:10,761:INFO:_display_container: 2
2025-12-30 15:17:10,761:INFO:LinearRegression(n_jobs=-1)
2025-12-30 15:17:10,761:INFO:create_model() successfully completed......................................
2025-12-30 15:17:10,837:INFO:SubProcess create_model() end ==================================
2025-12-30 15:17:10,837:INFO:Creating metrics dataframe
2025-12-30 15:17:10,838:INFO:Initializing Lasso Regression
2025-12-30 15:17:10,838:INFO:Total runtime is 0.04551374912261963 minutes
2025-12-30 15:17:10,838:INFO:SubProcess create_model() called ==================================
2025-12-30 15:17:10,838:INFO:Initializing create_model()
2025-12-30 15:17:10,838:INFO:create_model(self=<pycaret.regression.oop.RegressionExperiment object at 0x129d24c10>, estimator=lasso, fold=KFold(n_splits=10, random_state=None, shuffle=False), round=4, cross_validation=True, predict=True, fit_kwargs={}, groups=None, refit=False, probability_threshold=None, experiment_custom_tags=None, verbose=False, system=False, add_to_model_list=True, metrics=None, display=<pycaret.internal.display.display.CommonDisplay object at 0x1757a8950>, model_only=True, return_train_score=False, error_score=0.0, kwargs={})
2025-12-30 15:17:10,838:INFO:Checking exceptions
2025-12-30 15:17:10,838:INFO:Importing libraries
2025-12-30 15:17:10,838:INFO:Copying training dataset
2025-12-30 15:17:10,839:INFO:Defining folds
2025-12-30 15:17:10,839:INFO:Declaring metric variables
2025-12-30 15:17:10,839:INFO:Importing untrained model
2025-12-30 15:17:10,839:INFO:Lasso Regression Imported successfully
2025-12-30 15:17:10,839:INFO:Starting cross validation
2025-12-30 15:17:10,839:INFO:Cross validating with KFold(n_splits=10, random_state=None, shuffle=False), n_jobs=-1
2025-12-30 15:17:10,867:INFO:Calculating mean and std
2025-12-30 15:17:10,867:INFO:Creating metrics dataframe
2025-12-30 15:17:10,868:INFO:Uploading results into container
2025-12-30 15:17:10,868:INFO:Uploading model into container now
2025-12-30 15:17:10,868:INFO:_master_model_container: 2
2025-12-30 15:17:10,868:INFO:_display_container: 2
2025-12-30 15:17:10,868:INFO:Lasso(random_state=123)
2025-12-30 15:17:10,868:INFO:create_model() successfully completed......................................
2025-12-30 15:17:10,901:INFO:SubProcess create_model() end ==================================
2025-12-30 15:17:10,901:INFO:Creating metrics dataframe
2025-12-30 15:17:10,902:INFO:Initializing Ridge Regression
2025-12-30 15:17:10,902:INFO:Total runtime is 0.04657478332519531 minutes
2025-12-30 15:17:10,902:INFO:SubProcess create_model() called ==================================
2025-12-30 15:17:10,902:INFO:Initializing create_model()
2025-12-30 15:17:10,902:INFO:create_model(self=<pycaret.regression.oop.RegressionExperiment object at 0x129d24c10>, estimator=ridge, fold=KFold(n_splits=10, random_state=None, shuffle=False), round=4, cross_validation=True, predict=True, fit_kwargs={}, groups=None, refit=False, probability_threshold=None, experiment_custom_tags=None, verbose=False, system=False, add_to_model_list=True, metrics=None, display=<pycaret.internal.display.display.CommonDisplay object at 0x1757a8950>, model_only=True, return_train_score=False, error_score=0.0, kwargs={})
2025-12-30 15:17:10,902:INFO:Checking exceptions
2025-12-30 15:17:10,902:INFO:Importing libraries
2025-12-30 15:17:10,902:INFO:Copying training dataset
2025-12-30 15:17:10,903:INFO:Defining folds
2025-12-30 15:17:10,903:INFO:Declaring metric variables
2025-12-30 15:17:10,903:INFO:Importing untrained model
2025-12-30 15:17:10,903:INFO:Ridge Regression Imported successfully
2025-12-30 15:17:10,903:INFO:Starting cross validation
2025-12-30 15:17:10,903:INFO:Cross validating with KFold(n_splits=10, random_state=None, shuffle=False), n_jobs=-1
2025-12-30 15:17:10,931:INFO:Calculating mean and std
2025-12-30 15:17:10,931:INFO:Creating metrics dataframe
2025-12-30 15:17:10,931:INFO:Uploading results into container
2025-12-30 15:17:10,931:INFO:Uploading model into container now
2025-12-30 15:17:10,931:INFO:_master_model_container: 3
2025-12-30 15:17:10,931:INFO:_display_container: 2
2025-12-30 15:17:10,932:INFO:Ridge(random_state=123)
2025-12-30 15:17:10,932:INFO:create_model() successfully completed......................................
2025-12-30 15:17:10,961:INFO:SubProcess create_model() end ==================================
2025-12-30 15:17:10,961:INFO:Creating metrics dataframe
2025-12-30 15:17:10,962:INFO:Initializing Elastic Net
2025-12-30 15:17:10,962:INFO:Total runtime is 0.04758153359095255 minutes
2025-12-30 15:17:10,962:INFO:SubProcess create_model() called ==================================
2025-12-30 15:17:10,962:INFO:Initializing create_model()
2025-12-30 15:17:10,962:INFO:create_model(self=<pycaret.regression.oop.RegressionExperiment object at 0x129d24c10>, estimator=en, fold=KFold(n_splits=10, random_state=None, shuffle=False), round=4, cross_validation=True, predict=True, fit_kwargs={}, groups=None, refit=False, probability_threshold=None, experiment_custom_tags=None, verbose=False, system=False, add_to_model_list=True, metrics=None, display=<pycaret.internal.display.display.CommonDisplay object at 0x1757a8950>, model_only=True, return_train_score=False, error_score=0.0, kwargs={})
2025-12-30 15:17:10,962:INFO:Checking exceptions
2025-12-30 15:17:10,962:INFO:Importing libraries
2025-12-30 15:17:10,962:INFO:Copying training dataset
2025-12-30 15:17:10,963:INFO:Defining folds
2025-12-30 15:17:10,963:INFO:Declaring metric variables
2025-12-30 15:17:10,963:INFO:Importing untrained model
2025-12-30 15:17:10,963:INFO:Elastic Net Imported successfully
2025-12-30 15:17:10,963:INFO:Starting cross validation
2025-12-30 15:17:10,963:INFO:Cross validating with KFold(n_splits=10, random_state=None, shuffle=False), n_jobs=-1
2025-12-30 15:17:10,990:INFO:Calculating mean and std
2025-12-30 15:17:10,990:INFO:Creating metrics dataframe
2025-12-30 15:17:10,990:INFO:Uploading results into container
2025-12-30 15:17:10,991:INFO:Uploading model into container now
2025-12-30 15:17:10,991:INFO:_master_model_container: 4
2025-12-30 15:17:10,991:INFO:_display_container: 2
2025-12-30 15:17:10,991:INFO:ElasticNet(random_state=123)
2025-12-30 15:17:10,991:INFO:create_model() successfully completed......................................
2025-12-30 15:17:11,022:INFO:SubProcess create_model() end ==================================
2025-12-30 15:17:11,022:INFO:Creating metrics dataframe
2025-12-30 15:17:11,023:INFO:Initializing Least Angle Regression
2025-12-30 15:17:11,023:INFO:Total runtime is 0.0485991358757019 minutes
2025-12-30 15:17:11,023:INFO:SubProcess create_model() called ==================================
2025-12-30 15:17:11,023:INFO:Initializing create_model()
2025-12-30 15:17:11,023:INFO:create_model(self=<pycaret.regression.oop.RegressionExperiment object at 0x129d24c10>, estimator=lar, fold=KFold(n_splits=10, random_state=None, shuffle=False), round=4, cross_validation=True, predict=True, fit_kwargs={}, groups=None, refit=False, probability_threshold=None, experiment_custom_tags=None, verbose=False, system=False, add_to_model_list=True, metrics=None, display=<pycaret.internal.display.display.CommonDisplay object at 0x1757a8950>, model_only=True, return_train_score=False, error_score=0.0, kwargs={})
2025-12-30 15:17:11,023:INFO:Checking exceptions
2025-12-30 15:17:11,023:INFO:Importing libraries
2025-12-30 15:17:11,023:INFO:Copying training dataset
2025-12-30 15:17:11,024:INFO:Defining folds
2025-12-30 15:17:11,024:INFO:Declaring metric variables
2025-12-30 15:17:11,024:INFO:Importing untrained model
2025-12-30 15:17:11,024:INFO:Least Angle Regression Imported successfully
2025-12-30 15:17:11,024:INFO:Starting cross validation
2025-12-30 15:17:11,024:INFO:Cross validating with KFold(n_splits=10, random_state=None, shuffle=False), n_jobs=-1
2025-12-30 15:17:11,052:INFO:Calculating mean and std
2025-12-30 15:17:11,052:INFO:Creating metrics dataframe
2025-12-30 15:17:11,052:INFO:Uploading results into container
2025-12-30 15:17:11,052:INFO:Uploading model into container now
2025-12-30 15:17:11,052:INFO:_master_model_container: 5
2025-12-30 15:17:11,052:INFO:_display_container: 2
2025-12-30 15:17:11,053:INFO:Lars(random_state=123)
2025-12-30 15:17:11,053:INFO:create_model() successfully completed......................................
2025-12-30 15:17:11,082:INFO:SubProcess create_model() end ==================================
2025-12-30 15:17:11,082:INFO:Creating metrics dataframe
2025-12-30 15:17:11,082:INFO:Initializing Lasso Least Angle Regression
2025-12-30 15:17:11,083:INFO:Total runtime is 0.049590468406677246 minutes
2025-12-30 15:17:11,083:INFO:SubProcess create_model() called ==================================
2025-12-30 15:17:11,083:INFO:Initializing create_model()
2025-12-30 15:17:11,083:INFO:create_model(self=<pycaret.regression.oop.RegressionExperiment object at 0x129d24c10>, estimator=llar, fold=KFold(n_splits=10, random_state=None, shuffle=False), round=4, cross_validation=True, predict=True, fit_kwargs={}, groups=None, refit=False, probability_threshold=None, experiment_custom_tags=None, verbose=False, system=False, add_to_model_list=True, metrics=None, display=<pycaret.internal.display.display.CommonDisplay object at 0x1757a8950>, model_only=True, return_train_score=False, error_score=0.0, kwargs={})
2025-12-30 15:17:11,083:INFO:Checking exceptions
2025-12-30 15:17:11,083:INFO:Importing libraries
2025-12-30 15:17:11,083:INFO:Copying training dataset
2025-12-30 15:17:11,083:INFO:Defining folds
2025-12-30 15:17:11,083:INFO:Declaring metric variables
2025-12-30 15:17:11,083:INFO:Importing untrained model
2025-12-30 15:17:11,084:INFO:Lasso Least Angle Regression Imported successfully
2025-12-30 15:17:11,084:INFO:Starting cross validation
2025-12-30 15:17:11,084:INFO:Cross validating with KFold(n_splits=10, random_state=None, shuffle=False), n_jobs=-1
2025-12-30 15:17:11,112:INFO:Calculating mean and std
2025-12-30 15:17:11,112:INFO:Creating metrics dataframe
2025-12-30 15:17:11,112:INFO:Uploading results into container
2025-12-30 15:17:11,112:INFO:Uploading model into container now
2025-12-30 15:17:11,112:INFO:_master_model_container: 6
2025-12-30 15:17:11,112:INFO:_display_container: 2
2025-12-30 15:17:11,112:INFO:LassoLars(random_state=123)
2025-12-30 15:17:11,112:INFO:create_model() successfully completed......................................
2025-12-30 15:17:11,143:INFO:SubProcess create_model() end ==================================
2025-12-30 15:17:11,143:INFO:Creating metrics dataframe
2025-12-30 15:17:11,144:INFO:Initializing Orthogonal Matching Pursuit
2025-12-30 15:17:11,144:INFO:Total runtime is 0.05061351855595907 minutes
2025-12-30 15:17:11,144:INFO:SubProcess create_model() called ==================================
2025-12-30 15:17:11,144:INFO:Initializing create_model()
2025-12-30 15:17:11,144:INFO:create_model(self=<pycaret.regression.oop.RegressionExperiment object at 0x129d24c10>, estimator=omp, fold=KFold(n_splits=10, random_state=None, shuffle=False), round=4, cross_validation=True, predict=True, fit_kwargs={}, groups=None, refit=False, probability_threshold=None, experiment_custom_tags=None, verbose=False, system=False, add_to_model_list=True, metrics=None, display=<pycaret.internal.display.display.CommonDisplay object at 0x1757a8950>, model_only=True, return_train_score=False, error_score=0.0, kwargs={})
2025-12-30 15:17:11,144:INFO:Checking exceptions
2025-12-30 15:17:11,144:INFO:Importing libraries
2025-12-30 15:17:11,144:INFO:Copying training dataset
2025-12-30 15:17:11,145:INFO:Defining folds
2025-12-30 15:17:11,145:INFO:Declaring metric variables
2025-12-30 15:17:11,145:INFO:Importing untrained model
2025-12-30 15:17:11,145:INFO:Orthogonal Matching Pursuit Imported successfully
2025-12-30 15:17:11,145:INFO:Starting cross validation
2025-12-30 15:17:11,145:INFO:Cross validating with KFold(n_splits=10, random_state=None, shuffle=False), n_jobs=-1
2025-12-30 15:17:11,171:INFO:Calculating mean and std
2025-12-30 15:17:11,171:INFO:Creating metrics dataframe
2025-12-30 15:17:11,172:INFO:Uploading results into container
2025-12-30 15:17:11,172:INFO:Uploading model into container now
2025-12-30 15:17:11,172:INFO:_master_model_container: 7
2025-12-30 15:17:11,172:INFO:_display_container: 2
2025-12-30 15:17:11,172:INFO:OrthogonalMatchingPursuit()
2025-12-30 15:17:11,172:INFO:create_model() successfully completed......................................
2025-12-30 15:17:11,201:INFO:SubProcess create_model() end ==================================
2025-12-30 15:17:11,201:INFO:Creating metrics dataframe
2025-12-30 15:17:11,202:INFO:Initializing Bayesian Ridge
2025-12-30 15:17:11,202:INFO:Total runtime is 0.051584784189860025 minutes
2025-12-30 15:17:11,202:INFO:SubProcess create_model() called ==================================
2025-12-30 15:17:11,202:INFO:Initializing create_model()
2025-12-30 15:17:11,202:INFO:create_model(self=<pycaret.regression.oop.RegressionExperiment object at 0x129d24c10>, estimator=br, fold=KFold(n_splits=10, random_state=None, shuffle=False), round=4, cross_validation=True, predict=True, fit_kwargs={}, groups=None, refit=False, probability_threshold=None, experiment_custom_tags=None, verbose=False, system=False, add_to_model_list=True, metrics=None, display=<pycaret.internal.display.display.CommonDisplay object at 0x1757a8950>, model_only=True, return_train_score=False, error_score=0.0, kwargs={})
2025-12-30 15:17:11,202:INFO:Checking exceptions
2025-12-30 15:17:11,202:INFO:Importing libraries
2025-12-30 15:17:11,202:INFO:Copying training dataset
2025-12-30 15:17:11,203:INFO:Defining folds
2025-12-30 15:17:11,203:INFO:Declaring metric variables
2025-12-30 15:17:11,203:INFO:Importing untrained model
2025-12-30 15:17:11,203:INFO:Bayesian Ridge Imported successfully
2025-12-30 15:17:11,203:INFO:Starting cross validation
2025-12-30 15:17:11,204:INFO:Cross validating with KFold(n_splits=10, random_state=None, shuffle=False), n_jobs=-1
2025-12-30 15:17:11,231:INFO:Calculating mean and std
2025-12-30 15:17:11,231:INFO:Creating metrics dataframe
2025-12-30 15:17:11,232:INFO:Uploading results into container
2025-12-30 15:17:11,232:INFO:Uploading model into container now
2025-12-30 15:17:11,232:INFO:_master_model_container: 8
2025-12-30 15:17:11,232:INFO:_display_container: 2
2025-12-30 15:17:11,232:INFO:BayesianRidge()
2025-12-30 15:17:11,232:INFO:create_model() successfully completed......................................
2025-12-30 15:17:11,264:INFO:SubProcess create_model() end ==================================
2025-12-30 15:17:11,264:INFO:Creating metrics dataframe
2025-12-30 15:17:11,264:INFO:Initializing Passive Aggressive Regressor
2025-12-30 15:17:11,264:INFO:Total runtime is 0.052623450756073 minutes
2025-12-30 15:17:11,265:INFO:SubProcess create_model() called ==================================
2025-12-30 15:17:11,265:INFO:Initializing create_model()
2025-12-30 15:17:11,265:INFO:create_model(self=<pycaret.regression.oop.RegressionExperiment object at 0x129d24c10>, estimator=par, fold=KFold(n_splits=10, random_state=None, shuffle=False), round=4, cross_validation=True, predict=True, fit_kwargs={}, groups=None, refit=False, probability_threshold=None, experiment_custom_tags=None, verbose=False, system=False, add_to_model_list=True, metrics=None, display=<pycaret.internal.display.display.CommonDisplay object at 0x1757a8950>, model_only=True, return_train_score=False, error_score=0.0, kwargs={})
2025-12-30 15:17:11,265:INFO:Checking exceptions
2025-12-30 15:17:11,265:INFO:Importing libraries
2025-12-30 15:17:11,265:INFO:Copying training dataset
2025-12-30 15:17:11,265:INFO:Defining folds
2025-12-30 15:17:11,265:INFO:Declaring metric variables
2025-12-30 15:17:11,265:INFO:Importing untrained model
2025-12-30 15:17:11,266:INFO:Passive Aggressive Regressor Imported successfully
2025-12-30 15:17:11,266:INFO:Starting cross validation
2025-12-30 15:17:11,266:INFO:Cross validating with KFold(n_splits=10, random_state=None, shuffle=False), n_jobs=-1
2025-12-30 15:17:11,291:INFO:Calculating mean and std
2025-12-30 15:17:11,291:INFO:Creating metrics dataframe
2025-12-30 15:17:11,292:INFO:Uploading results into container
2025-12-30 15:17:11,292:INFO:Uploading model into container now
2025-12-30 15:17:11,292:INFO:_master_model_container: 9
2025-12-30 15:17:11,292:INFO:_display_container: 2
2025-12-30 15:17:11,292:INFO:PassiveAggressiveRegressor(random_state=123)
2025-12-30 15:17:11,292:INFO:create_model() successfully completed......................................
2025-12-30 15:17:11,321:INFO:SubProcess create_model() end ==================================
2025-12-30 15:17:11,322:INFO:Creating metrics dataframe
2025-12-30 15:17:11,322:INFO:Initializing Huber Regressor
2025-12-30 15:17:11,322:INFO:Total runtime is 0.05358636776606242 minutes
2025-12-30 15:17:11,322:INFO:SubProcess create_model() called ==================================
2025-12-30 15:17:11,322:INFO:Initializing create_model()
2025-12-30 15:17:11,322:INFO:create_model(self=<pycaret.regression.oop.RegressionExperiment object at 0x129d24c10>, estimator=huber, fold=KFold(n_splits=10, random_state=None, shuffle=False), round=4, cross_validation=True, predict=True, fit_kwargs={}, groups=None, refit=False, probability_threshold=None, experiment_custom_tags=None, verbose=False, system=False, add_to_model_list=True, metrics=None, display=<pycaret.internal.display.display.CommonDisplay object at 0x1757a8950>, model_only=True, return_train_score=False, error_score=0.0, kwargs={})
2025-12-30 15:17:11,322:INFO:Checking exceptions
2025-12-30 15:17:11,322:INFO:Importing libraries
2025-12-30 15:17:11,322:INFO:Copying training dataset
2025-12-30 15:17:11,323:INFO:Defining folds
2025-12-30 15:17:11,323:INFO:Declaring metric variables
2025-12-30 15:17:11,323:INFO:Importing untrained model
2025-12-30 15:17:11,323:INFO:Huber Regressor Imported successfully
2025-12-30 15:17:11,323:INFO:Starting cross validation
2025-12-30 15:17:11,324:INFO:Cross validating with KFold(n_splits=10, random_state=None, shuffle=False), n_jobs=-1
2025-12-30 15:17:11,351:INFO:Calculating mean and std
2025-12-30 15:17:11,351:INFO:Creating metrics dataframe
2025-12-30 15:17:11,351:INFO:Uploading results into container
2025-12-30 15:17:11,352:INFO:Uploading model into container now
2025-12-30 15:17:11,352:INFO:_master_model_container: 10
2025-12-30 15:17:11,352:INFO:_display_container: 2
2025-12-30 15:17:11,352:INFO:HuberRegressor()
2025-12-30 15:17:11,352:INFO:create_model() successfully completed......................................
2025-12-30 15:17:11,383:INFO:SubProcess create_model() end ==================================
2025-12-30 15:17:11,383:INFO:Creating metrics dataframe
2025-12-30 15:17:11,384:INFO:Initializing K Neighbors Regressor
2025-12-30 15:17:11,384:INFO:Total runtime is 0.054615632692972815 minutes
2025-12-30 15:17:11,384:INFO:SubProcess create_model() called ==================================
2025-12-30 15:17:11,384:INFO:Initializing create_model()
2025-12-30 15:17:11,384:INFO:create_model(self=<pycaret.regression.oop.RegressionExperiment object at 0x129d24c10>, estimator=knn, fold=KFold(n_splits=10, random_state=None, shuffle=False), round=4, cross_validation=True, predict=True, fit_kwargs={}, groups=None, refit=False, probability_threshold=None, experiment_custom_tags=None, verbose=False, system=False, add_to_model_list=True, metrics=None, display=<pycaret.internal.display.display.CommonDisplay object at 0x1757a8950>, model_only=True, return_train_score=False, error_score=0.0, kwargs={})
2025-12-30 15:17:11,384:INFO:Checking exceptions
2025-12-30 15:17:11,384:INFO:Importing libraries
2025-12-30 15:17:11,384:INFO:Copying training dataset
2025-12-30 15:17:11,385:INFO:Defining folds
2025-12-30 15:17:11,385:INFO:Declaring metric variables
2025-12-30 15:17:11,385:INFO:Importing untrained model
2025-12-30 15:17:11,385:INFO:K Neighbors Regressor Imported successfully
2025-12-30 15:17:11,385:INFO:Starting cross validation
2025-12-30 15:17:11,385:INFO:Cross validating with KFold(n_splits=10, random_state=None, shuffle=False), n_jobs=-1
2025-12-30 15:17:11,436:INFO:Calculating mean and std
2025-12-30 15:17:11,436:INFO:Creating metrics dataframe
2025-12-30 15:17:11,437:INFO:Uploading results into container
2025-12-30 15:17:11,437:INFO:Uploading model into container now
2025-12-30 15:17:11,437:INFO:_master_model_container: 11
2025-12-30 15:17:11,437:INFO:_display_container: 2
2025-12-30 15:17:11,437:INFO:KNeighborsRegressor(n_jobs=-1)
2025-12-30 15:17:11,437:INFO:create_model() successfully completed......................................
2025-12-30 15:17:11,467:INFO:SubProcess create_model() end ==================================
2025-12-30 15:17:11,467:INFO:Creating metrics dataframe
2025-12-30 15:17:11,468:INFO:Initializing Decision Tree Regressor
2025-12-30 15:17:11,468:INFO:Total runtime is 0.05601126750310262 minutes
2025-12-30 15:17:11,468:INFO:SubProcess create_model() called ==================================
2025-12-30 15:17:11,468:INFO:Initializing create_model()
2025-12-30 15:17:11,468:INFO:create_model(self=<pycaret.regression.oop.RegressionExperiment object at 0x129d24c10>, estimator=dt, fold=KFold(n_splits=10, random_state=None, shuffle=False), round=4, cross_validation=True, predict=True, fit_kwargs={}, groups=None, refit=False, probability_threshold=None, experiment_custom_tags=None, verbose=False, system=False, add_to_model_list=True, metrics=None, display=<pycaret.internal.display.display.CommonDisplay object at 0x1757a8950>, model_only=True, return_train_score=False, error_score=0.0, kwargs={})
2025-12-30 15:17:11,468:INFO:Checking exceptions
2025-12-30 15:17:11,468:INFO:Importing libraries
2025-12-30 15:17:11,468:INFO:Copying training dataset
2025-12-30 15:17:11,469:INFO:Defining folds
2025-12-30 15:17:11,469:INFO:Declaring metric variables
2025-12-30 15:17:11,469:INFO:Importing untrained model
2025-12-30 15:17:11,469:INFO:Decision Tree Regressor Imported successfully
2025-12-30 15:17:11,469:INFO:Starting cross validation
2025-12-30 15:17:11,469:INFO:Cross validating with KFold(n_splits=10, random_state=None, shuffle=False), n_jobs=-1
2025-12-30 15:17:11,495:INFO:Calculating mean and std
2025-12-30 15:17:11,495:INFO:Creating metrics dataframe
2025-12-30 15:17:11,496:INFO:Uploading results into container
2025-12-30 15:17:11,496:INFO:Uploading model into container now
2025-12-30 15:17:11,496:INFO:_master_model_container: 12
2025-12-30 15:17:11,496:INFO:_display_container: 2
2025-12-30 15:17:11,496:INFO:DecisionTreeRegressor(random_state=123)
2025-12-30 15:17:11,496:INFO:create_model() successfully completed......................................
2025-12-30 15:17:11,527:INFO:SubProcess create_model() end ==================================
2025-12-30 15:17:11,527:INFO:Creating metrics dataframe
2025-12-30 15:17:11,528:INFO:Initializing Random Forest Regressor
2025-12-30 15:17:11,528:INFO:Total runtime is 0.05701203346252441 minutes
2025-12-30 15:17:11,528:INFO:SubProcess create_model() called ==================================
2025-12-30 15:17:11,528:INFO:Initializing create_model()
2025-12-30 15:17:11,528:INFO:create_model(self=<pycaret.regression.oop.RegressionExperiment object at 0x129d24c10>, estimator=rf, fold=KFold(n_splits=10, random_state=None, shuffle=False), round=4, cross_validation=True, predict=True, fit_kwargs={}, groups=None, refit=False, probability_threshold=None, experiment_custom_tags=None, verbose=False, system=False, add_to_model_list=True, metrics=None, display=<pycaret.internal.display.display.CommonDisplay object at 0x1757a8950>, model_only=True, return_train_score=False, error_score=0.0, kwargs={})
2025-12-30 15:17:11,528:INFO:Checking exceptions
2025-12-30 15:17:11,528:INFO:Importing libraries
2025-12-30 15:17:11,528:INFO:Copying training dataset
2025-12-30 15:17:11,529:INFO:Defining folds
2025-12-30 15:17:11,529:INFO:Declaring metric variables
2025-12-30 15:17:11,529:INFO:Importing untrained model
2025-12-30 15:17:11,529:INFO:Random Forest Regressor Imported successfully
2025-12-30 15:17:11,529:INFO:Starting cross validation
2025-12-30 15:17:11,529:INFO:Cross validating with KFold(n_splits=10, random_state=None, shuffle=False), n_jobs=-1
2025-12-30 15:17:11,653:INFO:Calculating mean and std
2025-12-30 15:17:11,654:INFO:Creating metrics dataframe
2025-12-30 15:17:11,654:INFO:Uploading results into container
2025-12-30 15:17:11,654:INFO:Uploading model into container now
2025-12-30 15:17:11,654:INFO:_master_model_container: 13
2025-12-30 15:17:11,654:INFO:_display_container: 2
2025-12-30 15:17:11,655:INFO:RandomForestRegressor(n_jobs=-1, random_state=123)
2025-12-30 15:17:11,655:INFO:create_model() successfully completed......................................
2025-12-30 15:17:11,686:INFO:SubProcess create_model() end ==================================
2025-12-30 15:17:11,686:INFO:Creating metrics dataframe
2025-12-30 15:17:11,687:INFO:Initializing Extra Trees Regressor
2025-12-30 15:17:11,687:INFO:Total runtime is 0.05966231425603231 minutes
2025-12-30 15:17:11,687:INFO:SubProcess create_model() called ==================================
2025-12-30 15:17:11,687:INFO:Initializing create_model()
2025-12-30 15:17:11,687:INFO:create_model(self=<pycaret.regression.oop.RegressionExperiment object at 0x129d24c10>, estimator=et, fold=KFold(n_splits=10, random_state=None, shuffle=False), round=4, cross_validation=True, predict=True, fit_kwargs={}, groups=None, refit=False, probability_threshold=None, experiment_custom_tags=None, verbose=False, system=False, add_to_model_list=True, metrics=None, display=<pycaret.internal.display.display.CommonDisplay object at 0x1757a8950>, model_only=True, return_train_score=False, error_score=0.0, kwargs={})
2025-12-30 15:17:11,687:INFO:Checking exceptions
2025-12-30 15:17:11,687:INFO:Importing libraries
2025-12-30 15:17:11,687:INFO:Copying training dataset
2025-12-30 15:17:11,688:INFO:Defining folds
2025-12-30 15:17:11,688:INFO:Declaring metric variables
2025-12-30 15:17:11,688:INFO:Importing untrained model
2025-12-30 15:17:11,688:INFO:Extra Trees Regressor Imported successfully
2025-12-30 15:17:11,688:INFO:Starting cross validation
2025-12-30 15:17:11,688:INFO:Cross validating with KFold(n_splits=10, random_state=None, shuffle=False), n_jobs=-1
2025-12-30 15:17:11,786:INFO:Calculating mean and std
2025-12-30 15:17:11,786:INFO:Creating metrics dataframe
2025-12-30 15:17:11,787:INFO:Uploading results into container
2025-12-30 15:17:11,787:INFO:Uploading model into container now
2025-12-30 15:17:11,787:INFO:_master_model_container: 14
2025-12-30 15:17:11,787:INFO:_display_container: 2
2025-12-30 15:17:11,787:INFO:ExtraTreesRegressor(n_jobs=-1, random_state=123)
2025-12-30 15:17:11,787:INFO:create_model() successfully completed......................................
2025-12-30 15:17:11,817:INFO:SubProcess create_model() end ==================================
2025-12-30 15:17:11,817:INFO:Creating metrics dataframe
2025-12-30 15:17:11,817:INFO:Initializing AdaBoost Regressor
2025-12-30 15:17:11,817:INFO:Total runtime is 0.0618402361869812 minutes
2025-12-30 15:17:11,818:INFO:SubProcess create_model() called ==================================
2025-12-30 15:17:11,818:INFO:Initializing create_model()
2025-12-30 15:17:11,818:INFO:create_model(self=<pycaret.regression.oop.RegressionExperiment object at 0x129d24c10>, estimator=ada, fold=KFold(n_splits=10, random_state=None, shuffle=False), round=4, cross_validation=True, predict=True, fit_kwargs={}, groups=None, refit=False, probability_threshold=None, experiment_custom_tags=None, verbose=False, system=False, add_to_model_list=True, metrics=None, display=<pycaret.internal.display.display.CommonDisplay object at 0x1757a8950>, model_only=True, return_train_score=False, error_score=0.0, kwargs={})
2025-12-30 15:17:11,818:INFO:Checking exceptions
2025-12-30 15:17:11,818:INFO:Importing libraries
2025-12-30 15:17:11,818:INFO:Copying training dataset
2025-12-30 15:17:11,818:INFO:Defining folds
2025-12-30 15:17:11,818:INFO:Declaring metric variables
2025-12-30 15:17:11,818:INFO:Importing untrained model
2025-12-30 15:17:11,819:INFO:AdaBoost Regressor Imported successfully
2025-12-30 15:17:11,819:INFO:Starting cross validation
2025-12-30 15:17:11,819:INFO:Cross validating with KFold(n_splits=10, random_state=None, shuffle=False), n_jobs=-1
2025-12-30 15:17:11,880:INFO:Calculating mean and std
2025-12-30 15:17:11,880:INFO:Creating metrics dataframe
2025-12-30 15:17:11,881:INFO:Uploading results into container
2025-12-30 15:17:11,881:INFO:Uploading model into container now
2025-12-30 15:17:11,881:INFO:_master_model_container: 15
2025-12-30 15:17:11,881:INFO:_display_container: 2
2025-12-30 15:17:11,881:INFO:AdaBoostRegressor(random_state=123)
2025-12-30 15:17:11,881:INFO:create_model() successfully completed......................................
2025-12-30 15:17:11,910:INFO:SubProcess create_model() end ==================================
2025-12-30 15:17:11,910:INFO:Creating metrics dataframe
2025-12-30 15:17:11,911:INFO:Initializing Gradient Boosting Regressor
2025-12-30 15:17:11,911:INFO:Total runtime is 0.06339686711629232 minutes
2025-12-30 15:17:11,911:INFO:SubProcess create_model() called ==================================
2025-12-30 15:17:11,911:INFO:Initializing create_model()
2025-12-30 15:17:11,911:INFO:create_model(self=<pycaret.regression.oop.RegressionExperiment object at 0x129d24c10>, estimator=gbr, fold=KFold(n_splits=10, random_state=None, shuffle=False), round=4, cross_validation=True, predict=True, fit_kwargs={}, groups=None, refit=False, probability_threshold=None, experiment_custom_tags=None, verbose=False, system=False, add_to_model_list=True, metrics=None, display=<pycaret.internal.display.display.CommonDisplay object at 0x1757a8950>, model_only=True, return_train_score=False, error_score=0.0, kwargs={})
2025-12-30 15:17:11,911:INFO:Checking exceptions
2025-12-30 15:17:11,911:INFO:Importing libraries
2025-12-30 15:17:11,911:INFO:Copying training dataset
2025-12-30 15:17:11,912:INFO:Defining folds
2025-12-30 15:17:11,912:INFO:Declaring metric variables
2025-12-30 15:17:11,912:INFO:Importing untrained model
2025-12-30 15:17:11,912:INFO:Gradient Boosting Regressor Imported successfully
2025-12-30 15:17:11,912:INFO:Starting cross validation
2025-12-30 15:17:11,912:INFO:Cross validating with KFold(n_splits=10, random_state=None, shuffle=False), n_jobs=-1
2025-12-30 15:17:11,963:INFO:Calculating mean and std
2025-12-30 15:17:11,963:INFO:Creating metrics dataframe
2025-12-30 15:17:11,963:INFO:Uploading results into container
2025-12-30 15:17:11,963:INFO:Uploading model into container now
2025-12-30 15:17:11,963:INFO:_master_model_container: 16
2025-12-30 15:17:11,963:INFO:_display_container: 2
2025-12-30 15:17:11,964:INFO:GradientBoostingRegressor(random_state=123)
2025-12-30 15:17:11,964:INFO:create_model() successfully completed......................................
2025-12-30 15:17:11,995:INFO:SubProcess create_model() end ==================================
2025-12-30 15:17:11,995:INFO:Creating metrics dataframe
2025-12-30 15:17:11,996:INFO:Initializing Light Gradient Boosting Machine
2025-12-30 15:17:11,996:INFO:Total runtime is 0.06481063365936279 minutes
2025-12-30 15:17:11,996:INFO:SubProcess create_model() called ==================================
2025-12-30 15:17:11,996:INFO:Initializing create_model()
2025-12-30 15:17:11,996:INFO:create_model(self=<pycaret.regression.oop.RegressionExperiment object at 0x129d24c10>, estimator=lightgbm, fold=KFold(n_splits=10, random_state=None, shuffle=False), round=4, cross_validation=True, predict=True, fit_kwargs={}, groups=None, refit=False, probability_threshold=None, experiment_custom_tags=None, verbose=False, system=False, add_to_model_list=True, metrics=None, display=<pycaret.internal.display.display.CommonDisplay object at 0x1757a8950>, model_only=True, return_train_score=False, error_score=0.0, kwargs={})
2025-12-30 15:17:11,996:INFO:Checking exceptions
2025-12-30 15:17:11,996:INFO:Importing libraries
2025-12-30 15:17:11,996:INFO:Copying training dataset
2025-12-30 15:17:11,997:INFO:Defining folds
2025-12-30 15:17:11,997:INFO:Declaring metric variables
2025-12-30 15:17:11,997:INFO:Importing untrained model
2025-12-30 15:17:11,997:INFO:Light Gradient Boosting Machine Imported successfully
2025-12-30 15:17:11,997:INFO:Starting cross validation
2025-12-30 15:17:11,997:INFO:Cross validating with KFold(n_splits=10, random_state=None, shuffle=False), n_jobs=-1
2025-12-30 15:17:12,232:INFO:Calculating mean and std
2025-12-30 15:17:12,232:INFO:Creating metrics dataframe
2025-12-30 15:17:12,232:INFO:Uploading results into container
2025-12-30 15:17:12,233:INFO:Uploading model into container now
2025-12-30 15:17:12,233:INFO:_master_model_container: 17
2025-12-30 15:17:12,233:INFO:_display_container: 2
2025-12-30 15:17:12,233:INFO:LGBMRegressor(n_jobs=-1, random_state=123)
2025-12-30 15:17:12,233:INFO:create_model() successfully completed......................................
2025-12-30 15:17:12,264:INFO:SubProcess create_model() end ==================================
2025-12-30 15:17:12,264:INFO:Creating metrics dataframe
2025-12-30 15:17:12,265:INFO:Initializing Dummy Regressor
2025-12-30 15:17:12,265:INFO:Total runtime is 0.06929519971211752 minutes
2025-12-30 15:17:12,265:INFO:SubProcess create_model() called ==================================
2025-12-30 15:17:12,265:INFO:Initializing create_model()
2025-12-30 15:17:12,265:INFO:create_model(self=<pycaret.regression.oop.RegressionExperiment object at 0x129d24c10>, estimator=dummy, fold=KFold(n_splits=10, random_state=None, shuffle=False), round=4, cross_validation=True, predict=True, fit_kwargs={}, groups=None, refit=False, probability_threshold=None, experiment_custom_tags=None, verbose=False, system=False, add_to_model_list=True, metrics=None, display=<pycaret.internal.display.display.CommonDisplay object at 0x1757a8950>, model_only=True, return_train_score=False, error_score=0.0, kwargs={})
2025-12-30 15:17:12,265:INFO:Checking exceptions
2025-12-30 15:17:12,265:INFO:Importing libraries
2025-12-30 15:17:12,265:INFO:Copying training dataset
2025-12-30 15:17:12,266:INFO:Defining folds
2025-12-30 15:17:12,266:INFO:Declaring metric variables
2025-12-30 15:17:12,266:INFO:Importing untrained model
2025-12-30 15:17:12,266:INFO:Dummy Regressor Imported successfully
2025-12-30 15:17:12,266:INFO:Starting cross validation
2025-12-30 15:17:12,266:INFO:Cross validating with KFold(n_splits=10, random_state=None, shuffle=False), n_jobs=-1
2025-12-30 15:17:12,292:INFO:Calculating mean and std
2025-12-30 15:17:12,292:INFO:Creating metrics dataframe
2025-12-30 15:17:12,293:INFO:Uploading results into container
2025-12-30 15:17:12,293:INFO:Uploading model into container now
2025-12-30 15:17:12,293:INFO:_master_model_container: 18
2025-12-30 15:17:12,293:INFO:_display_container: 2
2025-12-30 15:17:12,293:INFO:DummyRegressor()
2025-12-30 15:17:12,293:INFO:create_model() successfully completed......................................
2025-12-30 15:17:12,321:INFO:SubProcess create_model() end ==================================
2025-12-30 15:17:12,321:INFO:Creating metrics dataframe
2025-12-30 15:17:12,324:WARNING:/Library/Frameworks/Python.framework/Versions/3.11/lib/python3.11/site-packages/pycaret/internal/pycaret_experiment/supervised_experiment.py:339: FutureWarning: Styler.applymap has been deprecated. Use Styler.map instead.
  .applymap(highlight_cols, subset=["TT (Sec)"])

2025-12-30 15:17:12,324:INFO:Initializing create_model()
2025-12-30 15:17:12,324:INFO:create_model(self=<pycaret.regression.oop.RegressionExperiment object at 0x129d24c10>, estimator=LinearRegression(n_jobs=-1), fold=KFold(n_splits=10, random_state=None, shuffle=False), round=4, cross_validation=False, predict=False, fit_kwargs={}, groups=None, refit=True, probability_threshold=None, experiment_custom_tags=None, verbose=False, system=False, add_to_model_list=True, metrics=None, display=None, model_only=True, return_train_score=False, error_score=0.0, kwargs={})
2025-12-30 15:17:12,324:INFO:Checking exceptions
2025-12-30 15:17:12,325:INFO:Importing libraries
2025-12-30 15:17:12,325:INFO:Copying training dataset
2025-12-30 15:17:12,325:INFO:Defining folds
2025-12-30 15:17:12,325:INFO:Declaring metric variables
2025-12-30 15:17:12,325:INFO:Importing untrained model
2025-12-30 15:17:12,325:INFO:Declaring custom model
2025-12-30 15:17:12,325:INFO:Linear Regression Imported successfully
2025-12-30 15:17:12,326:INFO:Cross validation set to False
2025-12-30 15:17:12,326:INFO:Fitting Model
2025-12-30 15:17:12,328:INFO:LinearRegression(n_jobs=-1)
2025-12-30 15:17:12,328:INFO:create_model() successfully completed......................................
2025-12-30 15:17:12,359:INFO:_master_model_container: 18
2025-12-30 15:17:12,359:INFO:_display_container: 2
2025-12-30 15:17:12,359:INFO:LinearRegression(n_jobs=-1)
2025-12-30 15:17:12,359:INFO:compare_models() successfully completed......................................
2025-12-30 15:17:12,359:INFO:Initializing finalize_model()
2025-12-30 15:17:12,359:INFO:finalize_model(self=<pycaret.regression.oop.RegressionExperiment object at 0x129d24c10>, estimator=LinearRegression(n_jobs=-1), fit_kwargs=None, groups=None, model_only=False, experiment_custom_tags=None)
2025-12-30 15:17:12,359:INFO:Finalizing LinearRegression(n_jobs=-1)
2025-12-30 15:17:12,360:INFO:Initializing create_model()
2025-12-30 15:17:12,360:INFO:create_model(self=<pycaret.regression.oop.RegressionExperiment object at 0x129d24c10>, estimator=LinearRegression(n_jobs=-1), fold=None, round=4, cross_validation=False, predict=False, fit_kwargs={}, groups=None, refit=True, probability_threshold=None, experiment_custom_tags=None, verbose=False, system=False, add_to_model_list=False, metrics=None, display=None, model_only=False, return_train_score=False, error_score=0.0, kwargs={})
2025-12-30 15:17:12,360:INFO:Checking exceptions
2025-12-30 15:17:12,360:INFO:Importing libraries
2025-12-30 15:17:12,360:INFO:Copying training dataset
2025-12-30 15:17:12,360:INFO:Defining folds
2025-12-30 15:17:12,360:INFO:Declaring metric variables
2025-12-30 15:17:12,360:INFO:Importing untrained model
2025-12-30 15:17:12,360:INFO:Declaring custom model
2025-12-30 15:17:12,360:INFO:Linear Regression Imported successfully
2025-12-30 15:17:12,360:INFO:Cross validation set to False
2025-12-30 15:17:12,360:INFO:Fitting Model
2025-12-30 15:17:12,363:INFO:Pipeline(memory=Memory(location=None),
         steps=[('numerical_imputer',
                 TransformerWrapper(include=['GENE_0', 'GENE_1', 'GENE_2',
                                             'GENE_3', 'GENE_4', 'GENE_5',
                                             'GENE_6', 'GENE_7', 'GENE_8',
                                             'GENE_9'],
                                    transformer=SimpleImputer())),
                ('categorical_imputer',
                 TransformerWrapper(include=[],
                                    transformer=SimpleImputer(strategy='most_frequent'))),
                ('actual_estimator', LinearRegression(n_jobs=-1))])
2025-12-30 15:17:12,364:INFO:create_model() successfully completed......................................
2025-12-30 15:17:12,395:INFO:_master_model_container: 18
2025-12-30 15:17:12,395:INFO:_display_container: 2
2025-12-30 15:17:12,397:INFO:Pipeline(memory=Memory(location=None),
         steps=[('numerical_imputer',
                 TransformerWrapper(include=['GENE_0', 'GENE_1', 'GENE_2',
                                             'GENE_3', 'GENE_4', 'GENE_5',
                                             'GENE_6', 'GENE_7', 'GENE_8',
                                             'GENE_9'],
                                    transformer=SimpleImputer())),
                ('categorical_imputer',
                 TransformerWrapper(include=[],
                                    transformer=SimpleImputer(strategy='most_frequent'))),
                ('actual_estimator', LinearRegression(n_jobs=-1))])
2025-12-30 15:17:12,397:INFO:finalize_model() successfully completed......................................
2025-12-30 15:17:12,427:INFO:Initializing save_model()
2025-12-30 15:17:12,427:INFO:save_model(model=Pipeline(memory=Memory(location=None),
         steps=[('numerical_imputer',
                 TransformerWrapper(include=['GENE_0', 'GENE_1', 'GENE_2',
                                             'GENE_3', 'GENE_4', 'GENE_5',
                                             'GENE_6', 'GENE_7', 'GENE_8',
                                             'GENE_9'],
                                    transformer=SimpleImputer())),
                ('categorical_imputer',
                 TransformerWrapper(include=[],
                                    transformer=SimpleImputer(strategy='most_frequent'))),
                ('actual_estimator', LinearRegression(n_jobs=-1))]), model_name=cancer_brain, prep_pipe_=Pipeline(memory=FastMemory(location=/var/folders/q6/g5t836cs0b90b09g2nqpv4qc0000gn/T/joblib),
         steps=[('numerical_imputer',
                 TransformerWrapper(include=['GENE_0', 'GENE_1', 'GENE_2',
                                             'GENE_3', 'GENE_4', 'GENE_5',
                                             'GENE_6', 'GENE_7', 'GENE_8',
                                             'GENE_9'],
                                    transformer=SimpleImputer())),
                ('categorical_imputer',
                 TransformerWrapper(include=[],
                                    transformer=SimpleImputer(strategy='most_frequent')))]), verbose=True, use_case=MLUsecase.REGRESSION, kwargs={})
2025-12-30 15:17:12,427:INFO:Adding model into prep_pipe
2025-12-30 15:17:12,427:WARNING:Only Model saved as it was a pipeline.
2025-12-30 15:17:12,428:INFO:cancer_brain.pkl saved in current working directory
2025-12-30 15:17:12,429:INFO:Pipeline(memory=Memory(location=None),
         steps=[('numerical_imputer',
                 TransformerWrapper(include=['GENE_0', 'GENE_1', 'GENE_2',
                                             'GENE_3', 'GENE_4', 'GENE_5',
                                             'GENE_6', 'GENE_7', 'GENE_8',
                                             'GENE_9'],
                                    transformer=SimpleImputer())),
                ('categorical_imputer',
                 TransformerWrapper(include=[],
                                    transformer=SimpleImputer(strategy='most_frequent'))),
                ('actual_estimator', LinearRegression(n_jobs=-1))])
2025-12-30 15:17:12,429:INFO:save_model() successfully completed......................................
2025-12-30 15:19:59,500:WARNING:
'cuml' is a soft dependency and not included in the pycaret installation. Please run: `pip install cuml` to install.
2025-12-30 15:19:59,500:WARNING:
'cuml' is a soft dependency and not included in the pycaret installation. Please run: `pip install cuml` to install.
2025-12-30 15:19:59,500:WARNING:
'cuml' is a soft dependency and not included in the pycaret installation. Please run: `pip install cuml` to install.
2025-12-30 15:19:59,500:WARNING:
'cuml' is a soft dependency and not included in the pycaret installation. Please run: `pip install cuml` to install.
2025-12-30 15:19:59,584:INFO:Initializing load_model()
2025-12-30 15:19:59,584:INFO:load_model(model_name=cancer_brain, platform=None, authentication=None, verbose=True)
2025-12-30 15:19:59,585:WARNING:/Library/Frameworks/Python.framework/Versions/3.11/lib/python3.11/site-packages/_distutils_hack/__init__.py:33: UserWarning: Setuptools is replacing distutils.
  warnings.warn("Setuptools is replacing distutils.")

2025-12-30 15:19:59,595:WARNING:/Library/Frameworks/Python.framework/Versions/3.11/lib/python3.11/site-packages/streamlit/util.py:227: RuntimeWarning: coroutine 'expire_cache' was never awaited
  pass

2025-12-30 15:20:14,796:INFO:Initializing predict_model()
2025-12-30 15:20:14,796:INFO:predict_model(self=<pycaret.regression.oop.RegressionExperiment object at 0x32159a090>, estimator=Pipeline(memory=Memory(location=None),
         steps=[('numerical_imputer',
                 TransformerWrapper(include=['GENE_0', 'GENE_1', 'GENE_2',
                                             'GENE_3', 'GENE_4', 'GENE_5',
                                             'GENE_6', 'GENE_7', 'GENE_8',
                                             'GENE_9'],
                                    transformer=SimpleImputer())),
                ('categorical_imputer',
                 TransformerWrapper(include=[],
                                    transformer=SimpleImputer(strategy='most_frequent'))),
                ('actual_estimator', LinearRegression(n_jobs=-1))]), probability_threshold=None, encoded_labels=False, raw_score=False, round=4, verbose=True, ml_usecase=None, preprocess=True, encode_labels=<function _SupervisedExperiment.predict_model.<locals>.encode_labels at 0x17d4fa980>)
2025-12-30 15:20:14,796:INFO:Checking exceptions
2025-12-30 15:20:14,796:INFO:Preloading libraries
2025-12-30 15:20:14,797:INFO:Set up data.
2025-12-30 15:20:14,801:INFO:Set up index.
2025-12-30 15:21:41,259:INFO:Initializing predict_model()
2025-12-30 15:21:41,260:INFO:predict_model(self=<pycaret.regression.oop.RegressionExperiment object at 0x3215bcb50>, estimator=Pipeline(memory=Memory(location=None),
         steps=[('numerical_imputer',
                 TransformerWrapper(include=['GENE_0', 'GENE_1', 'GENE_2',
                                             'GENE_3', 'GENE_4', 'GENE_5',
                                             'GENE_6', 'GENE_7', 'GENE_8',
                                             'GENE_9'],
                                    transformer=SimpleImputer())),
                ('categorical_imputer',
                 TransformerWrapper(include=[],
                                    transformer=SimpleImputer(strategy='most_frequent'))),
                ('actual_estimator', LinearRegression(n_jobs=-1))]), probability_threshold=None, encoded_labels=False, raw_score=False, round=4, verbose=True, ml_usecase=None, preprocess=True, encode_labels=<function _SupervisedExperiment.predict_model.<locals>.encode_labels at 0x324684f40>)
2025-12-30 15:21:41,260:INFO:Checking exceptions
2025-12-30 15:21:41,260:INFO:Preloading libraries
2025-12-30 15:21:41,261:INFO:Set up data.
2025-12-30 15:21:41,264:INFO:Set up index.
2025-12-30 15:21:43,959:INFO:Initializing predict_model()
2025-12-30 15:21:43,959:INFO:predict_model(self=<pycaret.regression.oop.RegressionExperiment object at 0x32159aad0>, estimator=Pipeline(memory=Memory(location=None),
         steps=[('numerical_imputer',
                 TransformerWrapper(include=['GENE_0', 'GENE_1', 'GENE_2',
                                             'GENE_3', 'GENE_4', 'GENE_5',
                                             'GENE_6', 'GENE_7', 'GENE_8',
                                             'GENE_9'],
                                    transformer=SimpleImputer())),
                ('categorical_imputer',
                 TransformerWrapper(include=[],
                                    transformer=SimpleImputer(strategy='most_frequent'))),
                ('actual_estimator', LinearRegression(n_jobs=-1))]), probability_threshold=None, encoded_labels=False, raw_score=False, round=4, verbose=True, ml_usecase=None, preprocess=True, encode_labels=<function _SupervisedExperiment.predict_model.<locals>.encode_labels at 0x324687ec0>)
2025-12-30 15:21:43,959:INFO:Checking exceptions
2025-12-30 15:21:43,959:INFO:Preloading libraries
2025-12-30 15:21:43,960:INFO:Set up data.
2025-12-30 15:21:43,962:INFO:Set up index.
2025-12-30 15:24:27,701:WARNING:
'cuml' is a soft dependency and not included in the pycaret installation. Please run: `pip install cuml` to install.
2025-12-30 15:24:27,701:WARNING:
'cuml' is a soft dependency and not included in the pycaret installation. Please run: `pip install cuml` to install.
2025-12-30 15:24:27,701:WARNING:
'cuml' is a soft dependency and not included in the pycaret installation. Please run: `pip install cuml` to install.
2025-12-30 15:24:27,701:WARNING:
'cuml' is a soft dependency and not included in the pycaret installation. Please run: `pip install cuml` to install.
2025-12-30 15:24:27,784:INFO:Initializing load_model()
2025-12-30 15:24:27,784:INFO:load_model(model_name=cancer_brain, platform=None, authentication=None, verbose=True)
2025-12-30 15:24:27,785:WARNING:/Library/Frameworks/Python.framework/Versions/3.11/lib/python3.11/site-packages/_distutils_hack/__init__.py:33: UserWarning: Setuptools is replacing distutils.
  warnings.warn("Setuptools is replacing distutils.")

2025-12-30 15:24:27,795:WARNING:/Library/Frameworks/Python.framework/Versions/3.11/lib/python3.11/site-packages/streamlit/util.py:227: RuntimeWarning: coroutine 'expire_cache' was never awaited
  pass

2025-12-30 15:24:35,794:INFO:Initializing predict_model()
2025-12-30 15:24:35,794:INFO:predict_model(self=<pycaret.regression.oop.RegressionExperiment object at 0x31cbb6c10>, estimator=Pipeline(memory=Memory(location=None),
         steps=[('numerical_imputer',
                 TransformerWrapper(include=['GENE_0', 'GENE_1', 'GENE_2',
                                             'GENE_3', 'GENE_4', 'GENE_5',
                                             'GENE_6', 'GENE_7', 'GENE_8',
                                             'GENE_9'],
                                    transformer=SimpleImputer())),
                ('categorical_imputer',
                 TransformerWrapper(include=[],
                                    transformer=SimpleImputer(strategy='most_frequent'))),
                ('actual_estimator', LinearRegression(n_jobs=-1))]), probability_threshold=None, encoded_labels=False, raw_score=False, round=4, verbose=True, ml_usecase=None, preprocess=True, encode_labels=<function _SupervisedExperiment.predict_model.<locals>.encode_labels at 0x1213aa200>)
2025-12-30 15:24:35,795:INFO:Checking exceptions
2025-12-30 15:24:35,795:INFO:Preloading libraries
2025-12-30 15:24:35,795:INFO:Set up data.
2025-12-30 15:24:35,800:INFO:Set up index.
2025-12-30 15:26:39,384:WARNING:
'cuml' is a soft dependency and not included in the pycaret installation. Please run: `pip install cuml` to install.
2025-12-30 15:26:39,384:WARNING:
'cuml' is a soft dependency and not included in the pycaret installation. Please run: `pip install cuml` to install.
2025-12-30 15:26:39,384:WARNING:
'cuml' is a soft dependency and not included in the pycaret installation. Please run: `pip install cuml` to install.
2025-12-30 15:26:39,384:WARNING:
'cuml' is a soft dependency and not included in the pycaret installation. Please run: `pip install cuml` to install.
2025-12-30 15:26:39,465:INFO:Initializing load_model()
2025-12-30 15:26:39,465:INFO:load_model(model_name=cancer_brain, platform=None, authentication=None, verbose=True)
2025-12-30 15:26:39,466:WARNING:/Library/Frameworks/Python.framework/Versions/3.11/lib/python3.11/site-packages/_distutils_hack/__init__.py:33: UserWarning: Setuptools is replacing distutils.
  warnings.warn("Setuptools is replacing distutils.")

2025-12-30 15:26:39,476:WARNING:/Library/Frameworks/Python.framework/Versions/3.11/lib/python3.11/site-packages/streamlit/util.py:227: RuntimeWarning: coroutine 'expire_cache' was never awaited
  pass

